<?xml version="1.0" encoding="UTF-8"?>
<!-- Generated by org.testng.reporters.JUnitReportReporter -->
<testsuite skipped="0" hostname="DESKTOP-5A0GL55" name="flipKart.FlipKartTestWithoutPageDefs" tests="1" failures="0" timestamp="2023-02-08T19:50:24 AST" time="71.077" errors="0">
  <testcase name="FlipKartOrderTest" time="71.077" classname="flipKart.FlipKartTestWithoutPageDefs"/>
  <system-out/>
</testsuite> <!-- flipKart.FlipKartTestWithoutPageDefs -->
